CRITICAL - 2021-03-03 09:20:45 --> Unable to connect to the database.
#0 C:\xampp\htdocs\api-absensi\system\Database\BaseConnection.php(646): CodeIgniter\Database\BaseConnection->initialize()
#1 C:\xampp\htdocs\api-absensi\system\Database\BaseBuilder.php(1860): CodeIgniter\Database\BaseConnection->query('SELECT *\nFROM `...', Array, false)
#2 C:\xampp\htdocs\api-absensi\system\Model.php(506): CodeIgniter\Database\BaseBuilder->get()
#3 C:\xampp\htdocs\api-absensi\app\Controllers\Auth.php(24): CodeIgniter\Model->first()
#4 C:\xampp\htdocs\api-absensi\system\CodeIgniter.php(918): App\Controllers\Auth->login()
#5 C:\xampp\htdocs\api-absensi\system\CodeIgniter.php(404): CodeIgniter\CodeIgniter->runController(Object(App\Controllers\Auth))
#6 C:\xampp\htdocs\api-absensi\system\CodeIgniter.php(312): CodeIgniter\CodeIgniter->handleRequest(NULL, Object(Config\Cache), false)
#7 C:\xampp\htdocs\api-absensi\public\index.php(45): CodeIgniter\CodeIgniter->run()
#8 {main}
CRITICAL - 2021-03-03 09:23:08 --> Unable to connect to the database.
#0 C:\xampp\htdocs\api-absensi\system\Database\BaseConnection.php(646): CodeIgniter\Database\BaseConnection->initialize()
#1 C:\xampp\htdocs\api-absensi\system\Database\BaseBuilder.php(1860): CodeIgniter\Database\BaseConnection->query('SELECT *\nFROM `...', Array, false)
#2 C:\xampp\htdocs\api-absensi\system\Model.php(506): CodeIgniter\Database\BaseBuilder->get()
#3 C:\xampp\htdocs\api-absensi\app\Controllers\Auth.php(24): CodeIgniter\Model->first()
#4 C:\xampp\htdocs\api-absensi\system\CodeIgniter.php(918): App\Controllers\Auth->login()
#5 C:\xampp\htdocs\api-absensi\system\CodeIgniter.php(404): CodeIgniter\CodeIgniter->runController(Object(App\Controllers\Auth))
#6 C:\xampp\htdocs\api-absensi\system\CodeIgniter.php(312): CodeIgniter\CodeIgniter->handleRequest(NULL, Object(Config\Cache), false)
#7 C:\xampp\htdocs\api-absensi\public\index.php(45): CodeIgniter\CodeIgniter->run()
#8 {main}
CRITICAL - 2021-03-03 09:25:02 --> Unable to connect to the database.
#0 C:\xampp\htdocs\api-absensi\system\Database\BaseConnection.php(646): CodeIgniter\Database\BaseConnection->initialize()
#1 C:\xampp\htdocs\api-absensi\system\Database\BaseConnection.php(1548): CodeIgniter\Database\BaseConnection->query('SHOW TABLES FRO...')
#2 C:\xampp\htdocs\api-absensi\system\Database\BaseConnection.php(1591): CodeIgniter\Database\BaseConnection->listTables()
#3 C:\xampp\htdocs\api-absensi\system\Database\MigrationRunner.php(945): CodeIgniter\Database\BaseConnection->tableExists('migrations')
#4 C:\xampp\htdocs\api-absensi\system\Database\MigrationRunner.php(193): CodeIgniter\Database\MigrationRunner->ensureTable()
#5 C:\xampp\htdocs\api-absensi\system\Commands\Database\Migrate.php(128): CodeIgniter\Database\MigrationRunner->latest(NULL)
#6 C:\xampp\htdocs\api-absensi\system\CLI\Commands.php(100): CodeIgniter\Commands\Database\Migrate->run(Array)
#7 C:\xampp\htdocs\api-absensi\system\CLI\CommandRunner.php(107): CodeIgniter\CLI\Commands->run('migrate', Array)
#8 C:\xampp\htdocs\api-absensi\system\CLI\CommandRunner.php(85): CodeIgniter\CLI\CommandRunner->index(Array)
#9 C:\xampp\htdocs\api-absensi\system\CodeIgniter.php(914): CodeIgniter\CLI\CommandRunner->_remap('index', 'migrate')
#10 C:\xampp\htdocs\api-absensi\system\CodeIgniter.php(404): CodeIgniter\CodeIgniter->runController(Object(CodeIgniter\CLI\CommandRunner))
#11 C:\xampp\htdocs\api-absensi\system\CodeIgniter.php(312): CodeIgniter\CodeIgniter->handleRequest(NULL, Object(Config\Cache), false)
#12 C:\xampp\htdocs\api-absensi\system\CLI\Console.php(86): CodeIgniter\CodeIgniter->run()
#13 C:\xampp\htdocs\api-absensi\spark(57): CodeIgniter\CLI\Console->run()
#14 {main}
CRITICAL - 2021-03-03 09:25:08 --> Unable to connect to the database.
#0 C:\xampp\htdocs\api-absensi\system\Database\BaseConnection.php(646): CodeIgniter\Database\BaseConnection->initialize()
#1 C:\xampp\htdocs\api-absensi\system\Database\BaseBuilder.php(1860): CodeIgniter\Database\BaseConnection->query('SELECT *\nFROM `...', Array, false)
#2 C:\xampp\htdocs\api-absensi\system\Model.php(506): CodeIgniter\Database\BaseBuilder->get()
#3 C:\xampp\htdocs\api-absensi\app\Controllers\Auth.php(24): CodeIgniter\Model->first()
#4 C:\xampp\htdocs\api-absensi\system\CodeIgniter.php(918): App\Controllers\Auth->login()
#5 C:\xampp\htdocs\api-absensi\system\CodeIgniter.php(404): CodeIgniter\CodeIgniter->runController(Object(App\Controllers\Auth))
#6 C:\xampp\htdocs\api-absensi\system\CodeIgniter.php(312): CodeIgniter\CodeIgniter->handleRequest(NULL, Object(Config\Cache), false)
#7 C:\xampp\htdocs\api-absensi\public\index.php(45): CodeIgniter\CodeIgniter->run()
#8 {main}
CRITICAL - 2021-03-03 10:39:19 --> syntax error, unexpected '::' (T_PAAMAYIM_NEKUDOTAYIM), expecting ';' or ','
#0 C:\xampp\htdocs\api-absensi\system\Autoloader\Autoloader.php(296): CodeIgniter\Autoloader\Autoloader->requireFile('C:\\xampp\\htdocs...')
#1 C:\xampp\htdocs\api-absensi\system\Autoloader\Autoloader.php(258): CodeIgniter\Autoloader\Autoloader->loadInNamespace('App\\Controllers...')
#2 [internal function]: CodeIgniter\Autoloader\Autoloader->loadClass('App\\Controllers...')
#3 C:\xampp\htdocs\api-absensi\app\Controllers\Auth.php(10): spl_autoload_call('App\\Controllers...')
#4 C:\xampp\htdocs\api-absensi\system\Router\Router.php(583): include_once('C:\\xampp\\htdocs...')
#5 C:\xampp\htdocs\api-absensi\system\Router\Router.php(195): CodeIgniter\Router\Router->autoRoute('auth/update')
#6 C:\xampp\htdocs\api-absensi\system\CodeIgniter.php(793): CodeIgniter\Router\Router->handle('auth/update')
#7 C:\xampp\htdocs\api-absensi\system\CodeIgniter.php(364): CodeIgniter\CodeIgniter->tryToRouteIt(Object(CodeIgniter\Router\RouteCollection))
#8 C:\xampp\htdocs\api-absensi\system\CodeIgniter.php(312): CodeIgniter\CodeIgniter->handleRequest(NULL, Object(Config\Cache), false)
#9 C:\xampp\htdocs\api-absensi\public\index.php(45): CodeIgniter\CodeIgniter->run()
#10 {main}
CRITICAL - 2021-03-03 10:39:19 --> syntax error, unexpected '::' (T_PAAMAYIM_NEKUDOTAYIM), expecting ';' or ','
#0 C:\xampp\htdocs\api-absensi\system\Autoloader\Autoloader.php(296): CodeIgniter\Autoloader\Autoloader->requireFile('C:\\xampp\\htdocs...')
#1 C:\xampp\htdocs\api-absensi\system\Autoloader\Autoloader.php(258): CodeIgniter\Autoloader\Autoloader->loadInNamespace('App\\Controllers...')
#2 [internal function]: CodeIgniter\Autoloader\Autoloader->loadClass('App\\Controllers...')
#3 C:\xampp\htdocs\api-absensi\app\Controllers\Auth.php(10): spl_autoload_call('App\\Controllers...')
#4 C:\xampp\htdocs\api-absensi\system\Router\Router.php(583): include_once('C:\\xampp\\htdocs...')
#5 C:\xampp\htdocs\api-absensi\system\Router\Router.php(195): CodeIgniter\Router\Router->autoRoute('auth/update')
#6 C:\xampp\htdocs\api-absensi\system\CodeIgniter.php(793): CodeIgniter\Router\Router->handle('auth/update')
#7 C:\xampp\htdocs\api-absensi\system\CodeIgniter.php(364): CodeIgniter\CodeIgniter->tryToRouteIt(Object(CodeIgniter\Router\RouteCollection))
#8 C:\xampp\htdocs\api-absensi\system\CodeIgniter.php(312): CodeIgniter\CodeIgniter->handleRequest(NULL, Object(Config\Cache), false)
#9 C:\xampp\htdocs\api-absensi\public\index.php(45): CodeIgniter\CodeIgniter->run()
#10 {main}
CRITICAL - 2021-03-03 10:40:00 --> Class 'App\Controllers\JWT' not found
#0 C:\xampp\htdocs\api-absensi\app\Controllers\Auth.php(115): App\Controllers\BaseController->isValidToken()
#1 C:\xampp\htdocs\api-absensi\system\CodeIgniter.php(918): App\Controllers\Auth->update()
#2 C:\xampp\htdocs\api-absensi\system\CodeIgniter.php(404): CodeIgniter\CodeIgniter->runController(Object(App\Controllers\Auth))
#3 C:\xampp\htdocs\api-absensi\system\CodeIgniter.php(312): CodeIgniter\CodeIgniter->handleRequest(NULL, Object(Config\Cache), false)
#4 C:\xampp\htdocs\api-absensi\public\index.php(45): CodeIgniter\CodeIgniter->run()
#5 {main}
CRITICAL - 2021-03-03 10:59:32 --> Column 'nis' cannot be null
#0 C:\xampp\htdocs\api-absensi\system\Database\MySQLi\Connection.php(331): mysqli->query('INSERT INTO `si...')
#1 C:\xampp\htdocs\api-absensi\system\Database\BaseConnection.php(741): CodeIgniter\Database\MySQLi\Connection->execute('INSERT INTO `si...')
#2 C:\xampp\htdocs\api-absensi\system\Database\BaseConnection.php(669): CodeIgniter\Database\BaseConnection->simpleQuery('INSERT INTO `si...')
#3 C:\xampp\htdocs\api-absensi\system\Database\BaseBuilder.php(2249): CodeIgniter\Database\BaseConnection->query('INSERT INTO `si...', Array, false)
#4 C:\xampp\htdocs\api-absensi\system\Model.php(755): CodeIgniter\Database\BaseBuilder->insert()
#5 C:\xampp\htdocs\api-absensi\app\Controllers\Auth.php(70): CodeIgniter\Model->insert(Array)
#6 C:\xampp\htdocs\api-absensi\system\CodeIgniter.php(918): App\Controllers\Auth->login()
#7 C:\xampp\htdocs\api-absensi\system\CodeIgniter.php(404): CodeIgniter\CodeIgniter->runController(Object(App\Controllers\Auth))
#8 C:\xampp\htdocs\api-absensi\system\CodeIgniter.php(312): CodeIgniter\CodeIgniter->handleRequest(NULL, Object(Config\Cache), false)
#9 C:\xampp\htdocs\api-absensi\public\index.php(45): CodeIgniter\CodeIgniter->run()
#10 {main}
CRITICAL - 2021-03-03 11:02:18 --> Undefined property: App\Controllers\Auth::$input
#0 C:\xampp\htdocs\api-absensi\app\Controllers\Auth.php(24): CodeIgniter\Debug\Exceptions->errorHandler(8, 'Undefined prope...', 'C:\\xampp\\htdocs...', 24, Array)
#1 C:\xampp\htdocs\api-absensi\system\CodeIgniter.php(918): App\Controllers\Auth->login()
#2 C:\xampp\htdocs\api-absensi\system\CodeIgniter.php(404): CodeIgniter\CodeIgniter->runController(Object(App\Controllers\Auth))
#3 C:\xampp\htdocs\api-absensi\system\CodeIgniter.php(312): CodeIgniter\CodeIgniter->handleRequest(NULL, Object(Config\Cache), false)
#4 C:\xampp\htdocs\api-absensi\public\index.php(45): CodeIgniter\CodeIgniter->run()
#5 {main}
CRITICAL - 2021-03-03 11:02:30 --> Undefined property: CodeIgniter\HTTP\IncomingRequest::$raw_input_stream
#0 C:\xampp\htdocs\api-absensi\app\Controllers\Auth.php(24): CodeIgniter\Debug\Exceptions->errorHandler(8, 'Undefined prope...', 'C:\\xampp\\htdocs...', 24, Array)
#1 C:\xampp\htdocs\api-absensi\system\CodeIgniter.php(918): App\Controllers\Auth->login()
#2 C:\xampp\htdocs\api-absensi\system\CodeIgniter.php(404): CodeIgniter\CodeIgniter->runController(Object(App\Controllers\Auth))
#3 C:\xampp\htdocs\api-absensi\system\CodeIgniter.php(312): CodeIgniter\CodeIgniter->handleRequest(NULL, Object(Config\Cache), false)
#4 C:\xampp\htdocs\api-absensi\public\index.php(45): CodeIgniter\CodeIgniter->run()
#5 {main}
CRITICAL - 2021-03-03 11:03:03 --> json_decode() expects parameter 1 to be string, array given
#0 [internal function]: CodeIgniter\Debug\Exceptions->errorHandler(2, 'json_decode() e...', 'C:\\xampp\\htdocs...', 24, Array)
#1 C:\xampp\htdocs\api-absensi\app\Controllers\Auth.php(24): json_decode(Array, true)
#2 C:\xampp\htdocs\api-absensi\system\CodeIgniter.php(918): App\Controllers\Auth->login()
#3 C:\xampp\htdocs\api-absensi\system\CodeIgniter.php(404): CodeIgniter\CodeIgniter->runController(Object(App\Controllers\Auth))
#4 C:\xampp\htdocs\api-absensi\system\CodeIgniter.php(312): CodeIgniter\CodeIgniter->handleRequest(NULL, Object(Config\Cache), false)
#5 C:\xampp\htdocs\api-absensi\public\index.php(45): CodeIgniter\CodeIgniter->run()
#6 {main}
CRITICAL - 2021-03-03 11:04:44 --> Undefined index: nis
#0 C:\xampp\htdocs\api-absensi\app\Controllers\Auth.php(25): CodeIgniter\Debug\Exceptions->errorHandler(8, 'Undefined index...', 'C:\\xampp\\htdocs...', 25, Array)
#1 C:\xampp\htdocs\api-absensi\system\CodeIgniter.php(918): App\Controllers\Auth->login()
#2 C:\xampp\htdocs\api-absensi\system\CodeIgniter.php(404): CodeIgniter\CodeIgniter->runController(Object(App\Controllers\Auth))
#3 C:\xampp\htdocs\api-absensi\system\CodeIgniter.php(312): CodeIgniter\CodeIgniter->handleRequest(NULL, Object(Config\Cache), false)
#4 C:\xampp\htdocs\api-absensi\public\index.php(45): CodeIgniter\CodeIgniter->run()
#5 {main}
CRITICAL - 2021-03-03 11:05:19 --> json_decode() expects parameter 1 to be string, array given
#0 [internal function]: CodeIgniter\Debug\Exceptions->errorHandler(2, 'json_decode() e...', 'C:\\xampp\\htdocs...', 24, Array)
#1 C:\xampp\htdocs\api-absensi\app\Controllers\Auth.php(24): json_decode(Array)
#2 C:\xampp\htdocs\api-absensi\system\CodeIgniter.php(918): App\Controllers\Auth->login()
#3 C:\xampp\htdocs\api-absensi\system\CodeIgniter.php(404): CodeIgniter\CodeIgniter->runController(Object(App\Controllers\Auth))
#4 C:\xampp\htdocs\api-absensi\system\CodeIgniter.php(312): CodeIgniter\CodeIgniter->handleRequest(NULL, Object(Config\Cache), false)
#5 C:\xampp\htdocs\api-absensi\public\index.php(45): CodeIgniter\CodeIgniter->run()
#6 {main}
CRITICAL - 2021-03-03 11:07:19 --> json_decode() expects parameter 1 to be string, array given
#0 [internal function]: CodeIgniter\Debug\Exceptions->errorHandler(2, 'json_decode() e...', 'C:\\xampp\\htdocs...', 24, Array)
#1 C:\xampp\htdocs\api-absensi\app\Controllers\Auth.php(24): json_decode(Array)
#2 C:\xampp\htdocs\api-absensi\system\CodeIgniter.php(918): App\Controllers\Auth->login()
#3 C:\xampp\htdocs\api-absensi\system\CodeIgniter.php(404): CodeIgniter\CodeIgniter->runController(Object(App\Controllers\Auth))
#4 C:\xampp\htdocs\api-absensi\system\CodeIgniter.php(312): CodeIgniter\CodeIgniter->handleRequest(NULL, Object(Config\Cache), false)
#5 C:\xampp\htdocs\api-absensi\public\index.php(45): CodeIgniter\CodeIgniter->run()
#6 {main}
CRITICAL - 2021-03-03 11:08:01 --> json_decode() expects parameter 1 to be string, array given
#0 [internal function]: CodeIgniter\Debug\Exceptions->errorHandler(2, 'json_decode() e...', 'C:\\xampp\\htdocs...', 24, Array)
#1 C:\xampp\htdocs\api-absensi\app\Controllers\Auth.php(24): json_decode(Array)
#2 C:\xampp\htdocs\api-absensi\system\CodeIgniter.php(918): App\Controllers\Auth->login()
#3 C:\xampp\htdocs\api-absensi\system\CodeIgniter.php(404): CodeIgniter\CodeIgniter->runController(Object(App\Controllers\Auth))
#4 C:\xampp\htdocs\api-absensi\system\CodeIgniter.php(312): CodeIgniter\CodeIgniter->handleRequest(NULL, Object(Config\Cache), false)
#5 C:\xampp\htdocs\api-absensi\public\index.php(45): CodeIgniter\CodeIgniter->run()
#6 {main}
CRITICAL - 2021-03-03 11:08:10 --> json_decode() expects parameter 1 to be string, array given
#0 [internal function]: CodeIgniter\Debug\Exceptions->errorHandler(2, 'json_decode() e...', 'C:\\xampp\\htdocs...', 24, Array)
#1 C:\xampp\htdocs\api-absensi\app\Controllers\Auth.php(24): json_decode(Array, true)
#2 C:\xampp\htdocs\api-absensi\system\CodeIgniter.php(918): App\Controllers\Auth->login()
#3 C:\xampp\htdocs\api-absensi\system\CodeIgniter.php(404): CodeIgniter\CodeIgniter->runController(Object(App\Controllers\Auth))
#4 C:\xampp\htdocs\api-absensi\system\CodeIgniter.php(312): CodeIgniter\CodeIgniter->handleRequest(NULL, Object(Config\Cache), false)
#5 C:\xampp\htdocs\api-absensi\public\index.php(45): CodeIgniter\CodeIgniter->run()
#6 {main}
CRITICAL - 2021-03-03 11:08:20 --> Trying to get property 'nis' of non-object
#0 C:\xampp\htdocs\api-absensi\app\Controllers\Auth.php(26): CodeIgniter\Debug\Exceptions->errorHandler(8, 'Trying to get p...', 'C:\\xampp\\htdocs...', 26, Array)
#1 C:\xampp\htdocs\api-absensi\system\CodeIgniter.php(918): App\Controllers\Auth->login()
#2 C:\xampp\htdocs\api-absensi\system\CodeIgniter.php(404): CodeIgniter\CodeIgniter->runController(Object(App\Controllers\Auth))
#3 C:\xampp\htdocs\api-absensi\system\CodeIgniter.php(312): CodeIgniter\CodeIgniter->handleRequest(NULL, Object(Config\Cache), false)
#4 C:\xampp\htdocs\api-absensi\public\index.php(45): CodeIgniter\CodeIgniter->run()
#5 {main}
CRITICAL - 2021-03-03 11:26:11 --> Undefined property: stdClass::$nis
#0 C:\xampp\htdocs\api-absensi\app\Controllers\Auth.php(111): CodeIgniter\Debug\Exceptions->errorHandler(8, 'Undefined prope...', 'C:\\xampp\\htdocs...', 111, Array)
#1 C:\xampp\htdocs\api-absensi\system\CodeIgniter.php(918): App\Controllers\Auth->update()
#2 C:\xampp\htdocs\api-absensi\system\CodeIgniter.php(404): CodeIgniter\CodeIgniter->runController(Object(App\Controllers\Auth))
#3 C:\xampp\htdocs\api-absensi\system\CodeIgniter.php(312): CodeIgniter\CodeIgniter->handleRequest(NULL, Object(Config\Cache), false)
#4 C:\xampp\htdocs\api-absensi\public\index.php(45): CodeIgniter\CodeIgniter->run()
#5 {main}
CRITICAL - 2021-03-03 23:09:31 --> syntax error, unexpected '}'
#0 C:\xampp\htdocs\api-absensi\system\Router\Router.php(170): CodeIgniter\Router\Router->autoRoute('home/img')
#1 C:\xampp\htdocs\api-absensi\system\CodeIgniter.php(816): CodeIgniter\Router\Router->handle('home/img')
#2 C:\xampp\htdocs\api-absensi\system\CodeIgniter.php(385): CodeIgniter\CodeIgniter->tryToRouteIt(Object(CodeIgniter\Router\RouteCollection))
#3 C:\xampp\htdocs\api-absensi\system\CodeIgniter.php(333): CodeIgniter\CodeIgniter->handleRequest(NULL, Object(Config\Cache), false)
#4 C:\xampp\htdocs\api-absensi\public\index.php(45): CodeIgniter\CodeIgniter->run()
#5 {main}
